<?xml version="1.0" encoding="UTF-8"?>
<testng-results skipped="1" failed="1" total="3" passed="1">
  <reporter-output>
  </reporter-output>
  <suite name="Rediff" duration-ms="8984" started-at="2012-07-24T21:32:02Z" finished-at="2012-07-24T21:32:11Z">
    <groups>
    </groups>
    <test name="Search Share Value" duration-ms="0" started-at="2012-07-24T21:32:11Z" finished-at="2012-07-24T21:32:11Z">
      <class name="com.qtpselenium.hybrid.testcases.SearchShareTest">
        <test-method status="PASS" signature="sharePriceTest()" name="sharePriceTest" duration-ms="0" started-at="2012-07-24T21:32:11Z" finished-at="2012-07-24T21:32:11Z">
        </test-method>
      </class>
    </test>
    <test name="Login and Check mail" duration-ms="8968" started-at="2012-07-24T21:32:02Z" finished-at="2012-07-24T21:32:11Z">
      <class name="com.qtpselenium.hybrid.testcases.LoginAndCheckMail">
        <test-method status="FAIL" signature="LoginTest(java.util.Hashtable)" name="LoginTest" duration-ms="8000" started-at="2012-07-24T21:32:03Z" finished-at="2012-07-24T21:32:11Z">
          <params>
            <param index="0">
              <value>
                <![CDATA[{Username=ashish_ait, RunMode=Y, Inbox=Inbox, Password=roadrash}]]>
              </value>
            </param>
          </params>
          <exception class="java.lang.AssertionError">
            <message>
              <![CDATA[Fail - not able to enter data in input box -login_username expected:<true> but was:<false>]]>
            </message>
            <full-stacktrace>
              <![CDATA[java.lang.AssertionError: Fail - not able to enter data in input box -login_username expected:<true> but was:<false>
	at org.testng.Assert.fail(Assert.java:89)
	at org.testng.Assert.failNotEquals(Assert.java:480)
	at org.testng.Assert.assertTrue(Assert.java:37)
	at com.qtpselenium.hybrid.util.Keywords.executeKeywords(Keywords.java:91)
	at com.qtpselenium.hybrid.testcases.LoginAndCheckMail.LoginTest(LoginAndCheckMail.java:25)
	at sun.reflect.NativeMethodAccessorImpl.invoke0(Native Method)
	at sun.reflect.NativeMethodAccessorImpl.invoke(Unknown Source)
	at sun.reflect.DelegatingMethodAccessorImpl.invoke(Unknown Source)
	at java.lang.reflect.Method.invoke(Unknown Source)
	at org.testng.internal.MethodInvocationHelper.invokeMethod(MethodInvocationHelper.java:76)
	at org.testng.internal.Invoker.invokeMethod(Invoker.java:673)
	at org.testng.internal.Invoker.invokeTestMethod(Invoker.java:846)
	at org.testng.internal.Invoker.invokeTestMethods(Invoker.java:1170)
	at org.testng.internal.TestMethodWorker.invokeTestMethods(TestMethodWorker.java:125)
	at org.testng.internal.TestMethodWorker.run(TestMethodWorker.java:109)
	at org.testng.TestRunner.runWorkers(TestRunner.java:1147)
	at org.testng.TestRunner.privateRun(TestRunner.java:749)
	at org.testng.TestRunner.run(TestRunner.java:600)
	at org.testng.SuiteRunner.runTest(SuiteRunner.java:317)
	at org.testng.SuiteRunner.runSequentially(SuiteRunner.java:312)
	at org.testng.SuiteRunner.privateRun(SuiteRunner.java:274)
	at org.testng.SuiteRunner.run(SuiteRunner.java:223)
	at org.testng.SuiteRunnerWorker.runSuite(SuiteRunnerWorker.java:52)
	at org.testng.SuiteRunnerWorker.run(SuiteRunnerWorker.java:86)
	at org.testng.TestNG.runSuitesSequentially(TestNG.java:1039)
	at org.testng.TestNG.runSuitesLocally(TestNG.java:964)
	at org.testng.TestNG.run(TestNG.java:900)
	at org.testng.TestNG.privateMain(TestNG.java:1182)
	at org.testng.TestNG.main(TestNG.java:1146)
]]>
            </full-stacktrace>
          </exception>
        </test-method>
        <test-method status="SKIP" signature="checkMailTest(java.util.Hashtable)" name="checkMailTest" duration-ms="0" started-at="2012-07-24T21:32:11Z" depends-on-methods="com.qtpselenium.hybrid.testcases.LoginAndCheckMail.LoginTest" finished-at="2012-07-24T21:32:11Z">
        </test-method>
      </class>
    </test>
  </suite>
</testng-results>
